[22-10-2020 16:41:08] [[31merror[39m] ValidationError: webPage validation failed: type: `Stanard` is not a valid enum value for path `type`.
    at model.Document.invalidate (C:\Users\hunu2\OneDrive\Documents\GitHub\fis_com_vn\node_modules\mongoose\lib\document.js:2626:32)
    at C:\Users\hunu2\OneDrive\Documents\GitHub\fis_com_vn\node_modules\mongoose\lib\document.js:2446:17
    at C:\Users\hunu2\OneDrive\Documents\GitHub\fis_com_vn\node_modules\mongoose\lib\schematype.js:1225:9
    at processTicksAndRejections (internal/process/task_queues.js:75:11)
[23-10-2020 10:50:46] [[31merror[39m] ReferenceError: bcrypt is not defined
    at exports.login (C:\Users\HPCOMPUTER.VN\Documents\GitHub\fis_com_vn\app\controllers\user.controller.js:46:33)
    at processTicksAndRejections (internal/process/task_queues.js:97:5)
    at runNextTicks (internal/process/task_queues.js:66:3)
    at processImmediate (internal/timers.js:429:9)
[23-10-2020 10:53:15] [[31merror[39m] ReferenceError: bcrypt is not defined
    at exports.login (C:\Users\HPCOMPUTER.VN\Documents\GitHub\fis_com_vn\app\controllers\user.controller.js:46:33)
    at processTicksAndRejections (internal/process/task_queues.js:97:5)
    at runNextTicks (internal/process/task_queues.js:66:3)
    at processImmediate (internal/timers.js:429:9)
[23-10-2020 10:55:10] [[31merror[39m] ReferenceError: jwt is not defined
    at exports.login (C:\Users\HPCOMPUTER.VN\Documents\GitHub\fis_com_vn\app\controllers\user.controller.js:51:23)
[23-10-2020 10:55:31] [[31merror[39m] MongoError: Performing an update on the path '_id' would modify the immutable field '_id'
    at Function.create (C:\Users\HPCOMPUTER.VN\Documents\GitHub\fis_com_vn\node_modules\mongodb\lib\core\error.js:57:12)
    at toError (C:\Users\HPCOMPUTER.VN\Documents\GitHub\fis_com_vn\node_modules\mongodb\lib\utils.js:123:22)
    at C:\Users\HPCOMPUTER.VN\Documents\GitHub\fis_com_vn\node_modules\mongodb\lib\operations\common_functions.js:379:39
    at handler (C:\Users\HPCOMPUTER.VN\Documents\GitHub\fis_com_vn\node_modules\mongodb\lib\core\sdam\topology.js:942:24)
    at C:\Users\HPCOMPUTER.VN\Documents\GitHub\fis_com_vn\node_modules\mongodb\lib\cmap\connection_pool.js:350:13
    at handleOperationResult (C:\Users\HPCOMPUTER.VN\Documents\GitHub\fis_com_vn\node_modules\mongodb\lib\core\sdam\server.js:558:5)
    at MessageStream.messageHandler (C:\Users\HPCOMPUTER.VN\Documents\GitHub\fis_com_vn\node_modules\mongodb\lib\cmap\connection.js:277:5)
    at MessageStream.emit (events.js:315:20)
    at processIncomingData (C:\Users\HPCOMPUTER.VN\Documents\GitHub\fis_com_vn\node_modules\mongodb\lib\cmap\message_stream.js:144:12)
    at MessageStream._write (C:\Users\HPCOMPUTER.VN\Documents\GitHub\fis_com_vn\node_modules\mongodb\lib\cmap\message_stream.js:42:5)
    at doWrite (_stream_writable.js:403:12)
    at writeOrBuffer (_stream_writable.js:387:5)
    at MessageStream.Writable.write (_stream_writable.js:318:11)
    at Socket.ondata (_stream_readable.js:716:22)
    at Socket.emit (events.js:315:20)
    at addChunk (_stream_readable.js:295:12)
[23-10-2020 11:01:08] [[31merror[39m] MongoError: Performing an update on the path '_id' would modify the immutable field '_id'
    at Function.create (C:\Users\HPCOMPUTER.VN\Documents\GitHub\fis_com_vn\node_modules\mongodb\lib\core\error.js:57:12)
    at toError (C:\Users\HPCOMPUTER.VN\Documents\GitHub\fis_com_vn\node_modules\mongodb\lib\utils.js:123:22)
    at C:\Users\HPCOMPUTER.VN\Documents\GitHub\fis_com_vn\node_modules\mongodb\lib\operations\common_functions.js:379:39
    at handler (C:\Users\HPCOMPUTER.VN\Documents\GitHub\fis_com_vn\node_modules\mongodb\lib\core\sdam\topology.js:942:24)
    at C:\Users\HPCOMPUTER.VN\Documents\GitHub\fis_com_vn\node_modules\mongodb\lib\cmap\connection_pool.js:350:13
    at handleOperationResult (C:\Users\HPCOMPUTER.VN\Documents\GitHub\fis_com_vn\node_modules\mongodb\lib\core\sdam\server.js:558:5)
    at MessageStream.messageHandler (C:\Users\HPCOMPUTER.VN\Documents\GitHub\fis_com_vn\node_modules\mongodb\lib\cmap\connection.js:277:5)
    at MessageStream.emit (events.js:315:20)
    at processIncomingData (C:\Users\HPCOMPUTER.VN\Documents\GitHub\fis_com_vn\node_modules\mongodb\lib\cmap\message_stream.js:144:12)
    at MessageStream._write (C:\Users\HPCOMPUTER.VN\Documents\GitHub\fis_com_vn\node_modules\mongodb\lib\cmap\message_stream.js:42:5)
    at doWrite (_stream_writable.js:403:12)
    at writeOrBuffer (_stream_writable.js:387:5)
    at MessageStream.Writable.write (_stream_writable.js:318:11)
    at Socket.ondata (_stream_readable.js:716:22)
    at Socket.emit (events.js:315:20)
    at addChunk (_stream_readable.js:295:12)
[23-10-2020 11:07:27] [[31merror[39m] ReferenceError: user is not defined
    at exports.login (C:\Users\HPCOMPUTER.VN\Documents\GitHub\fis_com_vn\app\controllers\user.controller.js:52:41)
    at Layer.handle [as handle_request] (C:\Users\HPCOMPUTER.VN\Documents\GitHub\fis_com_vn\node_modules\express\lib\router\layer.js:95:5)
    at next (C:\Users\HPCOMPUTER.VN\Documents\GitHub\fis_com_vn\node_modules\express\lib\router\route.js:137:13)
    at Route.dispatch (C:\Users\HPCOMPUTER.VN\Documents\GitHub\fis_com_vn\node_modules\express\lib\router\route.js:112:3)
    at Layer.handle [as handle_request] (C:\Users\HPCOMPUTER.VN\Documents\GitHub\fis_com_vn\node_modules\express\lib\router\layer.js:95:5)
    at C:\Users\HPCOMPUTER.VN\Documents\GitHub\fis_com_vn\node_modules\express\lib\router\index.js:281:22
    at Function.process_params (C:\Users\HPCOMPUTER.VN\Documents\GitHub\fis_com_vn\node_modules\express\lib\router\index.js:335:12)
    at next (C:\Users\HPCOMPUTER.VN\Documents\GitHub\fis_com_vn\node_modules\express\lib\router\index.js:275:10)
    at C:\Users\HPCOMPUTER.VN\Documents\GitHub\fis_com_vn\server.js:16:5
    at Layer.handle [as handle_request] (C:\Users\HPCOMPUTER.VN\Documents\GitHub\fis_com_vn\node_modules\express\lib\router\layer.js:95:5)
    at trim_prefix (C:\Users\HPCOMPUTER.VN\Documents\GitHub\fis_com_vn\node_modules\express\lib\router\index.js:317:13)
    at C:\Users\HPCOMPUTER.VN\Documents\GitHub\fis_com_vn\node_modules\express\lib\router\index.js:284:7
    at Function.process_params (C:\Users\HPCOMPUTER.VN\Documents\GitHub\fis_com_vn\node_modules\express\lib\router\index.js:335:12)
    at next (C:\Users\HPCOMPUTER.VN\Documents\GitHub\fis_com_vn\node_modules\express\lib\router\index.js:275:10)
    at C:\Users\HPCOMPUTER.VN\Documents\GitHub\fis_com_vn\node_modules\body-parser\lib\read.js:130:5
    at invokeCallback (C:\Users\HPCOMPUTER.VN\Documents\GitHub\fis_com_vn\node_modules\raw-body\index.js:224:16)
[23-10-2020 11:07:53] [[31merror[39m] ObjectParameterError: Parameter "filter" to updateOne() must be an object, got 5f925681b56a540dc041878b
    at _update (C:\Users\HPCOMPUTER.VN\Documents\GitHub\fis_com_vn\node_modules\mongoose\lib\query.js:4219:17)
    at model.Query.Query.updateOne (C:\Users\HPCOMPUTER.VN\Documents\GitHub\fis_com_vn\node_modules\mongoose\lib\query.js:4131:10)
    at _update (C:\Users\HPCOMPUTER.VN\Documents\GitHub\fis_com_vn\node_modules\mongoose\lib\model.js:3757:16)
    at Function.updateOne (C:\Users\HPCOMPUTER.VN\Documents\GitHub\fis_com_vn\node_modules\mongoose\lib\model.js:3693:10)
    at exports.login (C:\Users\HPCOMPUTER.VN\Documents\GitHub\fis_com_vn\app\controllers\user.controller.js:54:20)
[23-10-2020 11:22:01] [[31merror[39m] TypeError: user.findByIdAndUpdate is not a function
    at exports.login (C:\Users\HPCOMPUTER.VN\Documents\GitHub\fis_com_vn\app\controllers\user.controller.js:54:20)
[23-10-2020 11:24:14] [[31merror[39m] ReferenceError: token is not defined
    at exports.login (C:\Users\HPCOMPUTER.VN\Documents\GitHub\fis_com_vn\app\controllers\user.controller.js:61:45)
    at processTicksAndRejections (internal/process/task_queues.js:97:5)
    at runNextTicks (internal/process/task_queues.js:66:3)
    at processImmediate (internal/timers.js:429:9)
[23-10-2020 13:22:55] [[31merror[39m] MongoError: The field 'token' must be an array but is of type string in document {_id: ObjectId('5f9276b093df8b3f30cc8551')}
    at MessageStream.messageHandler (C:\Users\HPCOMPUTER.VN\Documents\GitHub\fis_com_vn\node_modules\mongodb\lib\cmap\connection.js:268:20)
    at MessageStream.emit (events.js:315:20)
    at processIncomingData (C:\Users\HPCOMPUTER.VN\Documents\GitHub\fis_com_vn\node_modules\mongodb\lib\cmap\message_stream.js:144:12)
    at MessageStream._write (C:\Users\HPCOMPUTER.VN\Documents\GitHub\fis_com_vn\node_modules\mongodb\lib\cmap\message_stream.js:42:5)
    at doWrite (_stream_writable.js:403:12)
    at writeOrBuffer (_stream_writable.js:387:5)
    at MessageStream.Writable.write (_stream_writable.js:318:11)
    at Socket.ondata (_stream_readable.js:716:22)
    at Socket.emit (events.js:315:20)
    at addChunk (_stream_readable.js:295:12)
    at readableAddChunk (_stream_readable.js:271:9)
    at Socket.Readable.push (_stream_readable.js:212:10)
    at TCP.onStreamRead (internal/stream_base_commons.js:186:23)
[23-10-2020 13:51:19] [[31merror[39m] ReferenceError: token is not defined
    at exports.getuser (C:\Users\HPCOMPUTER.VN\Documents\GitHub\fis_com_vn\app\controllers\user.controller.js:73:35)
    at Layer.handle [as handle_request] (C:\Users\HPCOMPUTER.VN\Documents\GitHub\fis_com_vn\node_modules\express\lib\router\layer.js:95:5)
    at next (C:\Users\HPCOMPUTER.VN\Documents\GitHub\fis_com_vn\node_modules\express\lib\router\route.js:137:13)
    at Route.dispatch (C:\Users\HPCOMPUTER.VN\Documents\GitHub\fis_com_vn\node_modules\express\lib\router\route.js:112:3)
    at Layer.handle [as handle_request] (C:\Users\HPCOMPUTER.VN\Documents\GitHub\fis_com_vn\node_modules\express\lib\router\layer.js:95:5)
    at C:\Users\HPCOMPUTER.VN\Documents\GitHub\fis_com_vn\node_modules\express\lib\router\index.js:281:22
    at Function.process_params (C:\Users\HPCOMPUTER.VN\Documents\GitHub\fis_com_vn\node_modules\express\lib\router\index.js:335:12)
    at next (C:\Users\HPCOMPUTER.VN\Documents\GitHub\fis_com_vn\node_modules\express\lib\router\index.js:275:10)
    at C:\Users\HPCOMPUTER.VN\Documents\GitHub\fis_com_vn\server.js:16:5
    at Layer.handle [as handle_request] (C:\Users\HPCOMPUTER.VN\Documents\GitHub\fis_com_vn\node_modules\express\lib\router\layer.js:95:5)
    at trim_prefix (C:\Users\HPCOMPUTER.VN\Documents\GitHub\fis_com_vn\node_modules\express\lib\router\index.js:317:13)
    at C:\Users\HPCOMPUTER.VN\Documents\GitHub\fis_com_vn\node_modules\express\lib\router\index.js:284:7
    at Function.process_params (C:\Users\HPCOMPUTER.VN\Documents\GitHub\fis_com_vn\node_modules\express\lib\router\index.js:335:12)
    at next (C:\Users\HPCOMPUTER.VN\Documents\GitHub\fis_com_vn\node_modules\express\lib\router\index.js:275:10)
    at C:\Users\HPCOMPUTER.VN\Documents\GitHub\fis_com_vn\node_modules\body-parser\lib\read.js:130:5
    at invokeCallback (C:\Users\HPCOMPUTER.VN\Documents\GitHub\fis_com_vn\node_modules\raw-body\index.js:224:16)
[23-10-2020 15:19:06] [[31merror[39m] ReferenceError: user is not defined
    at exports.getuser (C:\Users\HPCOMPUTER.VN\Documents\GitHub\fis_com_vn\app\controllers\user.controller.js:79:30)
    at processTicksAndRejections (internal/process/task_queues.js:97:5)
[23-10-2020 15:24:24] [[31merror[39m] Error [ERR_HTTP_HEADERS_SENT]: Cannot set headers after they are sent to the client
    at ServerResponse.setHeader (_http_outgoing.js:518:11)
    at ServerResponse.header (C:\Users\HPCOMPUTER.VN\Documents\GitHub\fis_com_vn\node_modules\express\lib\response.js:771:10)
    at ServerResponse.send (C:\Users\HPCOMPUTER.VN\Documents\GitHub\fis_com_vn\node_modules\express\lib\response.js:170:12)
    at exports.getuser (C:\Users\HPCOMPUTER.VN\Documents\GitHub\fis_com_vn\app\controllers\user.controller.js:79:25)
    at processTicksAndRejections (internal/process/task_queues.js:97:5)
    at runNextTicks (internal/process/task_queues.js:66:3)
    at processImmediate (internal/timers.js:429:9)
[23-10-2020 16:22:56] [[31merror[39m] Error [ERR_HTTP_HEADERS_SENT]: Cannot set headers after they are sent to the client
    at ServerResponse.setHeader (_http_outgoing.js:518:11)
    at ServerResponse.header (C:\Users\HPCOMPUTER.VN\Documents\GitHub\fis_com_vn\node_modules\express\lib\response.js:771:10)
    at ServerResponse.send (C:\Users\HPCOMPUTER.VN\Documents\GitHub\fis_com_vn\node_modules\express\lib\response.js:170:12)
    at exports.getuser (C:\Users\HPCOMPUTER.VN\Documents\GitHub\fis_com_vn\app\controllers\user.controller.js:79:25)
    at processTicksAndRejections (internal/process/task_queues.js:97:5)
    at runNextTicks (internal/process/task_queues.js:66:3)
    at processImmediate (internal/timers.js:429:9)
[27-10-2020 09:32:36] [[31merror[39m] TypeError: Cannot read property 'password' of null
    at exports.login (C:\Users\HPCOMPUTER.VN\Documents\GitHub\fis_com_vn\app\controllers\user.controller.js:52:69)
    at processTicksAndRejections (internal/process/task_queues.js:97:5)
    at runNextTicks (internal/process/task_queues.js:66:3)
    at processImmediate (internal/timers.js:429:9)
[27-10-2020 10:02:43] [[31merror[39m] ReferenceError: xacthuc is not defined
    at exports.getuser (C:\Users\HPCOMPUTER.VN\Documents\GitHub\fis_com_vn\app\controllers\user.controller.js:74:21)
    at Layer.handle [as handle_request] (C:\Users\HPCOMPUTER.VN\Documents\GitHub\fis_com_vn\node_modules\express\lib\router\layer.js:95:5)
    at next (C:\Users\HPCOMPUTER.VN\Documents\GitHub\fis_com_vn\node_modules\express\lib\router\route.js:137:13)
    at auth (C:\Users\HPCOMPUTER.VN\Documents\GitHub\fis_com_vn\app\middleware\auth.middleware.js:14:13)
    at processTicksAndRejections (internal/process/task_queues.js:97:5)
    at runNextTicks (internal/process/task_queues.js:66:3)
    at processImmediate (internal/timers.js:429:9)
[27-10-2020 10:06:15] [[31merror[39m] TypeError: Cannot read property 'password' of null
    at exports.login (C:\Users\HPCOMPUTER.VN\Documents\GitHub\fis_com_vn\app\controllers\user.controller.js:50:69)
    at processTicksAndRejections (internal/process/task_queues.js:97:5)
    at runNextTicks (internal/process/task_queues.js:66:3)
    at processImmediate (internal/timers.js:429:9)
[27-10-2020 10:35:00] [[31merror[39m] TypeError: Cannot read property 'xacthuc' of undefined
    at exports.getuser (C:\Users\HPCOMPUTER.VN\Documents\GitHub\fis_com_vn\app\controllers\user.controller.js:75:32)
    at Layer.handle [as handle_request] (C:\Users\HPCOMPUTER.VN\Documents\GitHub\fis_com_vn\node_modules\express\lib\router\layer.js:95:5)
    at next (C:\Users\HPCOMPUTER.VN\Documents\GitHub\fis_com_vn\node_modules\express\lib\router\route.js:137:13)
    at auth (C:\Users\HPCOMPUTER.VN\Documents\GitHub\fis_com_vn\app\middleware\auth.middleware.js:13:13)
    at processTicksAndRejections (internal/process/task_queues.js:97:5)
    at runNextTicks (internal/process/task_queues.js:66:3)
    at processImmediate (internal/timers.js:429:9)
[27-10-2020 10:37:06] [[31merror[39m] TypeError: Cannot read property 'xacthuc' of undefined
    at exports.getuser (C:\Users\HPCOMPUTER.VN\Documents\GitHub\fis_com_vn\app\controllers\user.controller.js:75:32)
    at Layer.handle [as handle_request] (C:\Users\HPCOMPUTER.VN\Documents\GitHub\fis_com_vn\node_modules\express\lib\router\layer.js:95:5)
    at next (C:\Users\HPCOMPUTER.VN\Documents\GitHub\fis_com_vn\node_modules\express\lib\router\route.js:137:13)
    at auth (C:\Users\HPCOMPUTER.VN\Documents\GitHub\fis_com_vn\app\middleware\auth.middleware.js:14:13)
    at processTicksAndRejections (internal/process/task_queues.js:97:5)
    at runNextTicks (internal/process/task_queues.js:66:3)
    at processImmediate (internal/timers.js:429:9)
[27-10-2020 10:37:21] [[31merror[39m] ReferenceError: xacthuc is not defined
    at exports.getuser (C:\Users\HPCOMPUTER.VN\Documents\GitHub\fis_com_vn\app\controllers\user.controller.js:75:21)
    at Layer.handle [as handle_request] (C:\Users\HPCOMPUTER.VN\Documents\GitHub\fis_com_vn\node_modules\express\lib\router\layer.js:95:5)
    at next (C:\Users\HPCOMPUTER.VN\Documents\GitHub\fis_com_vn\node_modules\express\lib\router\route.js:137:13)
    at auth (C:\Users\HPCOMPUTER.VN\Documents\GitHub\fis_com_vn\app\middleware\auth.middleware.js:14:13)
    at processTicksAndRejections (internal/process/task_queues.js:97:5)
    at runNextTicks (internal/process/task_queues.js:66:3)
    at processImmediate (internal/timers.js:429:9)
[27-10-2020 11:05:52] [[31merror[39m] TypeError: Cannot read property 'token' of null
    at exports.logout (C:\Users\HPCOMPUTER.VN\Documents\GitHub\fis_com_vn\app\controllers\user.controller.js:144:14)
    at processTicksAndRejections (internal/process/task_queues.js:97:5)
    at runNextTicks (internal/process/task_queues.js:66:3)
    at processImmediate (internal/timers.js:429:9)
[27-10-2020 16:17:36] [[31merror[39m] Error: [object Object]
    at exports.login (C:\Users\HPCOMPUTER.VN\Documents\GitHub\fis_com_vn\app\controllers\user.controller.js:53:19)
[27-10-2020 16:18:37] [[31merror[39m] TypeError: Cannot read property 'password' of null
    at exports.login (C:\Users\HPCOMPUTER.VN\Documents\GitHub\fis_com_vn\app\controllers\user.controller.js:51:69)
    at processTicksAndRejections (internal/process/task_queues.js:97:5)
    at runNextTicks (internal/process/task_queues.js:66:3)
    at processImmediate (internal/timers.js:429:9)
[27-10-2020 16:20:08] [[31merror[39m] TypeError: Cannot read property 'password' of null
    at exports.login (C:\Users\HPCOMPUTER.VN\Documents\GitHub\fis_com_vn\app\controllers\user.controller.js:51:69)
    at processTicksAndRejections (internal/process/task_queues.js:97:5)
    at runNextTicks (internal/process/task_queues.js:66:3)
    at processImmediate (internal/timers.js:429:9)
[27-10-2020 16:23:11] [[31merror[39m] TypeError: Assignment to constant variable.
    at exports.login (C:\Users\HPCOMPUTER.VN\Documents\GitHub\fis_com_vn\app\controllers\user.controller.js:52:28)
[27-10-2020 17:20:26] [[31merror[39m] TypeError: Cannot read property 'password' of null
    at exports.login (C:\Users\HPCOMPUTER.VN\Documents\GitHub\fis_com_vn\app\controllers\user.controller.js:51:69)
    at processTicksAndRejections (internal/process/task_queues.js:97:5)
    at runNextTicks (internal/process/task_queues.js:66:3)
    at processImmediate (internal/timers.js:429:9)
[28-10-2020 10:13:49] [[31merror[39m] TypeError: Cannot read property 'password' of null
    at exports.login (C:\Users\HPCOMPUTER.VN\Documents\GitHub\fis_com_vn\app\controllers\user.controller.js:58:69)
    at processTicksAndRejections (internal/process/task_queues.js:97:5)
    at runNextTicks (internal/process/task_queues.js:66:3)
    at processImmediate (internal/timers.js:429:9)
[28-10-2020 14:34:37] [[31merror[39m] MongooseError: Callback must be a function, got true
    at Function.Model.$handleCallbackError (C:\Users\HPCOMPUTER.VN\Documents\GitHub\fis_com_vn\node_modules\mongoose\lib\model.js:4836:11)
    at _update (C:\Users\HPCOMPUTER.VN\Documents\GitHub\fis_com_vn\node_modules\mongoose\lib\model.js:3744:20)
    at Function.updateOne (C:\Users\HPCOMPUTER.VN\Documents\GitHub\fis_com_vn\node_modules\mongoose\lib\model.js:3693:10)
    at exports.logout (C:\Users\HPCOMPUTER.VN\Documents\GitHub\fis_com_vn\app\controllers\user.controller.js:189:20)
    at Layer.handle [as handle_request] (C:\Users\HPCOMPUTER.VN\Documents\GitHub\fis_com_vn\node_modules\express\lib\router\layer.js:95:5)
    at next (C:\Users\HPCOMPUTER.VN\Documents\GitHub\fis_com_vn\node_modules\express\lib\router\route.js:137:13)
    at auth (C:\Users\HPCOMPUTER.VN\Documents\GitHub\fis_com_vn\app\middleware\auth.middleware.js:15:13)
    at processTicksAndRejections (internal/process/task_queues.js:97:5)
    at runNextTicks (internal/process/task_queues.js:66:3)
    at processImmediate (internal/timers.js:429:9)
[28-10-2020 14:35:43] [[31merror[39m] MongoError: Cannot increment with non-numeric argument: {token.$.alive: false}
    at Function.create (C:\Users\HPCOMPUTER.VN\Documents\GitHub\fis_com_vn\node_modules\mongodb\lib\core\error.js:57:12)
    at toError (C:\Users\HPCOMPUTER.VN\Documents\GitHub\fis_com_vn\node_modules\mongodb\lib\utils.js:123:22)
    at C:\Users\HPCOMPUTER.VN\Documents\GitHub\fis_com_vn\node_modules\mongodb\lib\operations\common_functions.js:379:39
    at handler (C:\Users\HPCOMPUTER.VN\Documents\GitHub\fis_com_vn\node_modules\mongodb\lib\core\sdam\topology.js:942:24)
    at C:\Users\HPCOMPUTER.VN\Documents\GitHub\fis_com_vn\node_modules\mongodb\lib\cmap\connection_pool.js:350:13
    at handleOperationResult (C:\Users\HPCOMPUTER.VN\Documents\GitHub\fis_com_vn\node_modules\mongodb\lib\core\sdam\server.js:558:5)
    at MessageStream.messageHandler (C:\Users\HPCOMPUTER.VN\Documents\GitHub\fis_com_vn\node_modules\mongodb\lib\cmap\connection.js:277:5)
    at MessageStream.emit (events.js:315:20)
    at processIncomingData (C:\Users\HPCOMPUTER.VN\Documents\GitHub\fis_com_vn\node_modules\mongodb\lib\cmap\message_stream.js:144:12)
    at MessageStream._write (C:\Users\HPCOMPUTER.VN\Documents\GitHub\fis_com_vn\node_modules\mongodb\lib\cmap\message_stream.js:42:5)
    at doWrite (_stream_writable.js:403:12)
    at writeOrBuffer (_stream_writable.js:387:5)
    at MessageStream.Writable.write (_stream_writable.js:318:11)
    at Socket.ondata (_stream_readable.js:716:22)
    at Socket.emit (events.js:315:20)
    at addChunk (_stream_readable.js:295:12)
[28-10-2020 16:27:39] [[31merror[39m] MongooseError: `Model.populate()` cannot run without a model as `this`. Make sure you are calling `MyModel.populate()` where `MyModel` is a Mongoose model.
    at _checkContext (C:\Users\HPCOMPUTER.VN\Documents\GitHub\fis_com_vn\node_modules\mongoose\lib\model.js:1174:11)
    at Model.populate (C:\Users\HPCOMPUTER.VN\Documents\GitHub\fis_com_vn\node_modules\mongoose\lib\model.js:4251:3)
    at exports.getuser (C:\Users\HPCOMPUTER.VN\Documents\GitHub\fis_com_vn\app\controllers\user.controller.js:94:61)
    at Layer.handle [as handle_request] (C:\Users\HPCOMPUTER.VN\Documents\GitHub\fis_com_vn\node_modules\express\lib\router\layer.js:95:5)
    at next (C:\Users\HPCOMPUTER.VN\Documents\GitHub\fis_com_vn\node_modules\express\lib\router\route.js:137:13)
    at auth (C:\Users\HPCOMPUTER.VN\Documents\GitHub\fis_com_vn\app\middleware\auth.middleware.js:15:13)
    at processTicksAndRejections (internal/process/task_queues.js:97:5)
    at runNextTicks (internal/process/task_queues.js:66:3)
    at processImmediate (internal/timers.js:429:9)
[28-10-2020 16:27:54] [[31merror[39m] MongooseError: `Model.populate()` cannot run without a model as `this`. Make sure you are calling `MyModel.populate()` where `MyModel` is a Mongoose model.
    at _checkContext (C:\Users\HPCOMPUTER.VN\Documents\GitHub\fis_com_vn\node_modules\mongoose\lib\model.js:1174:11)
    at Model.populate (C:\Users\HPCOMPUTER.VN\Documents\GitHub\fis_com_vn\node_modules\mongoose\lib\model.js:4251:3)
    at exports.getuser (C:\Users\HPCOMPUTER.VN\Documents\GitHub\fis_com_vn\app\controllers\user.controller.js:94:61)
    at Layer.handle [as handle_request] (C:\Users\HPCOMPUTER.VN\Documents\GitHub\fis_com_vn\node_modules\express\lib\router\layer.js:95:5)
    at next (C:\Users\HPCOMPUTER.VN\Documents\GitHub\fis_com_vn\node_modules\express\lib\router\route.js:137:13)
    at auth (C:\Users\HPCOMPUTER.VN\Documents\GitHub\fis_com_vn\app\middleware\auth.middleware.js:15:13)
    at processTicksAndRejections (internal/process/task_queues.js:97:5)
    at runNextTicks (internal/process/task_queues.js:66:3)
    at processImmediate (internal/timers.js:429:9)
[29-10-2020 10:17:29] [[31merror[39m] TypeError: Cannot read property 'password' of null
    at exports.login (C:\Users\HPCOMPUTER.VN\Documents\GitHub\fis_com_vn\app\controllers\user.controller.js:57:69)
    at processTicksAndRejections (internal/process/task_queues.js:97:5)
    at runNextTicks (internal/process/task_queues.js:66:3)
    at processImmediate (internal/timers.js:429:9)
[29-10-2020 10:17:37] [[31merror[39m] TypeError: Cannot read property 'password' of null
    at exports.login (C:\Users\HPCOMPUTER.VN\Documents\GitHub\fis_com_vn\app\controllers\user.controller.js:57:69)
    at processTicksAndRejections (internal/process/task_queues.js:97:5)
    at runNextTicks (internal/process/task_queues.js:66:3)
    at processImmediate (internal/timers.js:429:9)
[29-10-2020 10:18:04] [[31merror[39m] TypeError: Cannot read property 'password' of null
    at exports.login (C:\Users\HPCOMPUTER.VN\Documents\GitHub\fis_com_vn\app\controllers\user.controller.js:57:69)
    at processTicksAndRejections (internal/process/task_queues.js:97:5)
    at runNextTicks (internal/process/task_queues.js:66:3)
    at processImmediate (internal/timers.js:429:9)
[29-10-2020 10:21:13] [[31merror[39m] TypeError: Cannot read property 'password' of null
    at exports.login (C:\Users\HPCOMPUTER.VN\Documents\GitHub\fis_com_vn\app\controllers\user.controller.js:57:69)
    at processTicksAndRejections (internal/process/task_queues.js:97:5)
    at runNextTicks (internal/process/task_queues.js:66:3)
    at processImmediate (internal/timers.js:429:9)
[29-10-2020 10:22:17] [[31merror[39m] TypeError: Cannot read property 'password' of null
    at exports.login (C:\Users\HPCOMPUTER.VN\Documents\GitHub\fis_com_vn\app\controllers\user.controller.js:58:69)
    at processTicksAndRejections (internal/process/task_queues.js:97:5)
    at runNextTicks (internal/process/task_queues.js:66:3)
    at processImmediate (internal/timers.js:429:9)
[29-10-2020 10:24:30] [[31merror[39m] TypeError: Cannot read property 'password' of null
    at exports.login (C:\Users\HPCOMPUTER.VN\Documents\GitHub\fis_com_vn\app\controllers\user.controller.js:58:69)
    at processTicksAndRejections (internal/process/task_queues.js:97:5)
    at runNextTicks (internal/process/task_queues.js:66:3)
    at processImmediate (internal/timers.js:429:9)
[29-10-2020 10:25:55] [[31merror[39m] TypeError: Cannot read property 'password' of null
    at exports.login (C:\Users\HPCOMPUTER.VN\Documents\GitHub\fis_com_vn\app\controllers\user.controller.js:58:69)
    at processTicksAndRejections (internal/process/task_queues.js:97:5)
    at runNextTicks (internal/process/task_queues.js:66:3)
    at processImmediate (internal/timers.js:429:9)
[29-10-2020 10:26:03] [[31merror[39m] TypeError: Cannot read property 'password' of null
    at exports.login (C:\Users\HPCOMPUTER.VN\Documents\GitHub\fis_com_vn\app\controllers\user.controller.js:58:69)
    at processTicksAndRejections (internal/process/task_queues.js:97:5)
    at runNextTicks (internal/process/task_queues.js:66:3)
    at processImmediate (internal/timers.js:429:9)
[29-10-2020 10:26:07] [[31merror[39m] TypeError: Cannot read property 'password' of null
    at exports.login (C:\Users\HPCOMPUTER.VN\Documents\GitHub\fis_com_vn\app\controllers\user.controller.js:58:69)
    at processTicksAndRejections (internal/process/task_queues.js:97:5)
    at runNextTicks (internal/process/task_queues.js:66:3)
    at processImmediate (internal/timers.js:429:9)
[29-10-2020 10:26:20] [[31merror[39m] TypeError: Cannot read property 'password' of null
    at exports.login (C:\Users\HPCOMPUTER.VN\Documents\GitHub\fis_com_vn\app\controllers\user.controller.js:58:69)
    at processTicksAndRejections (internal/process/task_queues.js:97:5)
    at runNextTicks (internal/process/task_queues.js:66:3)
    at processImmediate (internal/timers.js:429:9)
[29-10-2020 10:26:37] [[31merror[39m] TypeError: Cannot read property 'password' of null
    at exports.login (C:\Users\HPCOMPUTER.VN\Documents\GitHub\fis_com_vn\app\controllers\user.controller.js:58:69)
    at processTicksAndRejections (internal/process/task_queues.js:97:5)
    at runNextTicks (internal/process/task_queues.js:66:3)
    at processImmediate (internal/timers.js:429:9)
[29-10-2020 10:26:58] [[31merror[39m] TypeError: Cannot read property 'password' of null
    at exports.login (C:\Users\HPCOMPUTER.VN\Documents\GitHub\fis_com_vn\app\controllers\user.controller.js:58:69)
    at processTicksAndRejections (internal/process/task_queues.js:97:5)
    at runNextTicks (internal/process/task_queues.js:66:3)
    at processImmediate (internal/timers.js:429:9)
[29-10-2020 10:31:14] [[31merror[39m] TypeError: Cannot read property 'password' of null
    at exports.login (C:\Users\HPCOMPUTER.VN\Documents\GitHub\fis_com_vn\app\controllers\user.controller.js:59:69)
    at processTicksAndRejections (internal/process/task_queues.js:97:5)
    at runNextTicks (internal/process/task_queues.js:66:3)
    at processImmediate (internal/timers.js:429:9)
[29-10-2020 10:31:56] [[31merror[39m] TypeError: Cannot read property 'password' of null
    at exports.login (C:\Users\HPCOMPUTER.VN\Documents\GitHub\fis_com_vn\app\controllers\user.controller.js:59:69)
    at processTicksAndRejections (internal/process/task_queues.js:97:5)
    at runNextTicks (internal/process/task_queues.js:66:3)
    at processImmediate (internal/timers.js:429:9)
[29-10-2020 10:32:17] [[31merror[39m] TypeError: Cannot read property 'password' of null
    at exports.login (C:\Users\HPCOMPUTER.VN\Documents\GitHub\fis_com_vn\app\controllers\user.controller.js:59:69)
    at processTicksAndRejections (internal/process/task_queues.js:97:5)
    at runNextTicks (internal/process/task_queues.js:66:3)
    at processImmediate (internal/timers.js:429:9)
[29-10-2020 10:35:05] [[31merror[39m] TypeError: Cannot read property 'password' of null
    at exports.login (C:\Users\HPCOMPUTER.VN\Documents\GitHub\fis_com_vn\app\controllers\user.controller.js:59:69)
    at processTicksAndRejections (internal/process/task_queues.js:97:5)
    at runNextTicks (internal/process/task_queues.js:66:3)
    at processImmediate (internal/timers.js:429:9)
[29-10-2020 10:35:18] [[31merror[39m] TypeError: Cannot read property 'password' of null
    at exports.login (C:\Users\HPCOMPUTER.VN\Documents\GitHub\fis_com_vn\app\controllers\user.controller.js:59:69)
    at processTicksAndRejections (internal/process/task_queues.js:97:5)
    at runNextTicks (internal/process/task_queues.js:66:3)
    at processImmediate (internal/timers.js:429:9)
[29-10-2020 10:35:28] [[31merror[39m] TypeError: Cannot read property 'password' of null
    at exports.login (C:\Users\HPCOMPUTER.VN\Documents\GitHub\fis_com_vn\app\controllers\user.controller.js:59:69)
    at processTicksAndRejections (internal/process/task_queues.js:97:5)
    at runNextTicks (internal/process/task_queues.js:66:3)
    at processImmediate (internal/timers.js:429:9)
[29-10-2020 10:36:11] [[31merror[39m] TypeError: Cannot read property 'password' of null
    at exports.login (C:\Users\HPCOMPUTER.VN\Documents\GitHub\fis_com_vn\app\controllers\user.controller.js:59:69)
    at processTicksAndRejections (internal/process/task_queues.js:97:5)
    at runNextTicks (internal/process/task_queues.js:66:3)
    at processImmediate (internal/timers.js:429:9)
[29-10-2020 10:39:06] [[31merror[39m] TypeError: Cannot read property 'password' of null
    at exports.login (C:\Users\HPCOMPUTER.VN\Documents\GitHub\fis_com_vn\app\controllers\user.controller.js:59:69)
    at processTicksAndRejections (internal/process/task_queues.js:97:5)
    at runNextTicks (internal/process/task_queues.js:66:3)
    at processImmediate (internal/timers.js:429:9)
[29-10-2020 10:41:33] [[31merror[39m] TypeError: Cannot read property 'password' of null
    at exports.login (C:\Users\HPCOMPUTER.VN\Documents\GitHub\fis_com_vn\app\controllers\user.controller.js:59:69)
    at processTicksAndRejections (internal/process/task_queues.js:97:5)
    at runNextTicks (internal/process/task_queues.js:66:3)
    at processImmediate (internal/timers.js:429:9)
[29-10-2020 10:42:37] [[31merror[39m] TypeError: Cannot read property 'password' of null
    at exports.login (C:\Users\HPCOMPUTER.VN\Documents\GitHub\fis_com_vn\app\controllers\user.controller.js:59:69)
    at processTicksAndRejections (internal/process/task_queues.js:97:5)
    at runNextTicks (internal/process/task_queues.js:66:3)
    at processImmediate (internal/timers.js:429:9)
[29-10-2020 10:44:48] [[31merror[39m] TypeError: Cannot read property 'password' of null
    at exports.login (C:\Users\HPCOMPUTER.VN\Documents\GitHub\fis_com_vn\app\controllers\user.controller.js:59:69)
    at processTicksAndRejections (internal/process/task_queues.js:97:5)
    at runNextTicks (internal/process/task_queues.js:66:3)
    at processImmediate (internal/timers.js:429:9)
[29-10-2020 10:48:21] [[31merror[39m] TypeError: Cannot read property 'password' of null
    at exports.login (C:\Users\HPCOMPUTER.VN\Documents\GitHub\fis_com_vn\app\controllers\user.controller.js:59:69)
    at processTicksAndRejections (internal/process/task_queues.js:97:5)
    at runNextTicks (internal/process/task_queues.js:66:3)
    at processImmediate (internal/timers.js:429:9)
[29-10-2020 10:49:42] [[31merror[39m] TypeError: Cannot read property 'password' of null
    at exports.login (C:\Users\HPCOMPUTER.VN\Documents\GitHub\fis_com_vn\app\controllers\user.controller.js:59:69)
    at processTicksAndRejections (internal/process/task_queues.js:97:5)
    at runNextTicks (internal/process/task_queues.js:66:3)
    at processImmediate (internal/timers.js:429:9)
[29-10-2020 10:52:05] [[31merror[39m] TypeError: Cannot read property 'password' of null
    at exports.login (C:\Users\HPCOMPUTER.VN\Documents\GitHub\fis_com_vn\app\controllers\user.controller.js:59:69)
    at processTicksAndRejections (internal/process/task_queues.js:97:5)
    at runNextTicks (internal/process/task_queues.js:66:3)
    at processImmediate (internal/timers.js:429:9)
[29-10-2020 10:52:16] [[31merror[39m] TypeError: Cannot read property 'password' of null
    at exports.login (C:\Users\HPCOMPUTER.VN\Documents\GitHub\fis_com_vn\app\controllers\user.controller.js:59:69)
    at processTicksAndRejections (internal/process/task_queues.js:97:5)
    at runNextTicks (internal/process/task_queues.js:66:3)
    at processImmediate (internal/timers.js:429:9)
[29-10-2020 10:52:19] [[31merror[39m] TypeError: Cannot read property 'password' of null
    at exports.login (C:\Users\HPCOMPUTER.VN\Documents\GitHub\fis_com_vn\app\controllers\user.controller.js:59:69)
    at processTicksAndRejections (internal/process/task_queues.js:97:5)
    at runNextTicks (internal/process/task_queues.js:66:3)
    at processImmediate (internal/timers.js:429:9)
[29-10-2020 10:52:19] [[31merror[39m] TypeError: Cannot read property 'password' of null
    at exports.login (C:\Users\HPCOMPUTER.VN\Documents\GitHub\fis_com_vn\app\controllers\user.controller.js:59:69)
    at processTicksAndRejections (internal/process/task_queues.js:97:5)
    at runNextTicks (internal/process/task_queues.js:66:3)
    at processImmediate (internal/timers.js:429:9)
[29-10-2020 10:52:34] [[31merror[39m] TypeError: Cannot read property 'password' of null
    at exports.login (C:\Users\HPCOMPUTER.VN\Documents\GitHub\fis_com_vn\app\controllers\user.controller.js:59:69)
    at processTicksAndRejections (internal/process/task_queues.js:97:5)
    at runNextTicks (internal/process/task_queues.js:66:3)
    at processImmediate (internal/timers.js:429:9)
[29-10-2020 10:53:32] [[31merror[39m] TypeError: Cannot read property 'password' of null
    at exports.login (C:\Users\HPCOMPUTER.VN\Documents\GitHub\fis_com_vn\app\controllers\user.controller.js:59:69)
    at processTicksAndRejections (internal/process/task_queues.js:97:5)
    at runNextTicks (internal/process/task_queues.js:66:3)
    at processImmediate (internal/timers.js:429:9)
[29-10-2020 10:55:34] [[31merror[39m] TypeError: Cannot read property 'password' of null
    at exports.login (C:\Users\HPCOMPUTER.VN\Documents\GitHub\fis_com_vn\app\controllers\user.controller.js:63:69)
    at processTicksAndRejections (internal/process/task_queues.js:97:5)
    at runNextTicks (internal/process/task_queues.js:66:3)
    at processImmediate (internal/timers.js:429:9)
[29-10-2020 10:55:34] [[31merror[39m] TypeError: Cannot read property 'password' of null
    at exports.login (C:\Users\HPCOMPUTER.VN\Documents\GitHub\fis_com_vn\app\controllers\user.controller.js:63:69)
    at processTicksAndRejections (internal/process/task_queues.js:97:5)
    at runNextTicks (internal/process/task_queues.js:66:3)
    at processImmediate (internal/timers.js:429:9)
[29-10-2020 10:55:34] [[31merror[39m] TypeError: Cannot read property 'password' of null
    at exports.login (C:\Users\HPCOMPUTER.VN\Documents\GitHub\fis_com_vn\app\controllers\user.controller.js:63:69)
    at processTicksAndRejections (internal/process/task_queues.js:97:5)
    at runNextTicks (internal/process/task_queues.js:66:3)
    at processImmediate (internal/timers.js:429:9)
[29-10-2020 10:55:34] [[31merror[39m] TypeError: Cannot read property 'password' of null
    at exports.login (C:\Users\HPCOMPUTER.VN\Documents\GitHub\fis_com_vn\app\controllers\user.controller.js:63:69)
    at processTicksAndRejections (internal/process/task_queues.js:97:5)
    at runNextTicks (internal/process/task_queues.js:66:3)
    at processImmediate (internal/timers.js:429:9)
[02-11-2020 17:17:16] [[31merror[39m] ValidationError: product validation failed: oder: Path `oder` is required., imagesURL: Path `imagesURL` is required., content: Path `content` is required.
    at model.Document.invalidate (C:\Users\PC\Desktop\fis_com_vn\node_modules\mongoose\lib\document.js:2626:32)
    at C:\Users\PC\Desktop\fis_com_vn\node_modules\mongoose\lib\document.js:2446:17
    at C:\Users\PC\Desktop\fis_com_vn\node_modules\mongoose\lib\schematype.js:1225:9
    at processTicksAndRejections (internal/process/task_queues.js:79:11)
[02-11-2020 17:17:55] [[31merror[39m] ValidationError: product validation failed: oder: Path `oder` is required., imagesURL: Path `imagesURL` is required.
    at model.Document.invalidate (C:\Users\PC\Desktop\fis_com_vn\node_modules\mongoose\lib\document.js:2626:32)
    at C:\Users\PC\Desktop\fis_com_vn\node_modules\mongoose\lib\document.js:2446:17
    at C:\Users\PC\Desktop\fis_com_vn\node_modules\mongoose\lib\schematype.js:1225:9
    at processTicksAndRejections (internal/process/task_queues.js:79:11)
[02-11-2020 17:17:59] [[31merror[39m] ValidationError: product validation failed: oder: Path `oder` is required., imagesURL: Path `imagesURL` is required.
    at model.Document.invalidate (C:\Users\PC\Desktop\fis_com_vn\node_modules\mongoose\lib\document.js:2626:32)
    at C:\Users\PC\Desktop\fis_com_vn\node_modules\mongoose\lib\document.js:2446:17
    at C:\Users\PC\Desktop\fis_com_vn\node_modules\mongoose\lib\schematype.js:1225:9
    at processTicksAndRejections (internal/process/task_queues.js:79:11)
[02-11-2020 17:18:31] [[31merror[39m] ValidationError: product validation failed: imagesURL: Path `imagesURL` is required.
    at model.Document.invalidate (C:\Users\PC\Desktop\fis_com_vn\node_modules\mongoose\lib\document.js:2626:32)
    at C:\Users\PC\Desktop\fis_com_vn\node_modules\mongoose\lib\document.js:2446:17
    at C:\Users\PC\Desktop\fis_com_vn\node_modules\mongoose\lib\schematype.js:1225:9
    at processTicksAndRejections (internal/process/task_queues.js:79:11)
[02-11-2020 17:18:58] [[31merror[39m] TypeError: Cannot read property 'name' of undefined
    at C:\Users\PC\Desktop\fis_com_vn\app\controllers\product.controller.js:12:63
    at IncomingForm.<anonymous> (C:\Users\PC\Desktop\fis_com_vn\node_modules\formidable\lib\incoming_form.js:107:9)
    at IncomingForm.emit (events.js:315:20)
    at IncomingForm._maybeEnd (C:\Users\PC\Desktop\fis_com_vn\node_modules\formidable\lib\incoming_form.js:557:8)
    at C:\Users\PC\Desktop\fis_com_vn\node_modules\formidable\lib\incoming_form.js:238:12
    at WriteStream.<anonymous> (C:\Users\PC\Desktop\fis_com_vn\node_modules\formidable\lib\file.js:79:5)
    at Object.onceWrapper (events.js:421:28)
    at WriteStream.emit (events.js:315:20)
    at finishMaybe (_stream_writable.js:639:14)
    at _stream_writable.js:616:5
    at WriteStream._final (internal/fs/streams.js:352:3)
    at callFinal (_stream_writable.js:609:10)
    at processTicksAndRejections (internal/process/task_queues.js:84:21)
[02-11-2020 17:19:41] [[31merror[39m] ValidationError: product validation failed: imagesFile: Path `imagesFile` is required.
    at model.Document.invalidate (C:\Users\PC\Desktop\fis_com_vn\node_modules\mongoose\lib\document.js:2626:32)
    at C:\Users\PC\Desktop\fis_com_vn\node_modules\mongoose\lib\document.js:2446:17
    at C:\Users\PC\Desktop\fis_com_vn\node_modules\mongoose\lib\schematype.js:1225:9
    at processTicksAndRejections (internal/process/task_queues.js:79:11)
[02-11-2020 17:20:00] [[31merror[39m] TypeError: Cannot read property 'name' of undefined
    at C:\Users\PC\Desktop\fis_com_vn\app\controllers\product.controller.js:12:63
    at IncomingForm.<anonymous> (C:\Users\PC\Desktop\fis_com_vn\node_modules\formidable\lib\incoming_form.js:107:9)
    at IncomingForm.emit (events.js:315:20)
    at IncomingForm._maybeEnd (C:\Users\PC\Desktop\fis_com_vn\node_modules\formidable\lib\incoming_form.js:557:8)
    at C:\Users\PC\Desktop\fis_com_vn\node_modules\formidable\lib\incoming_form.js:238:12
    at WriteStream.<anonymous> (C:\Users\PC\Desktop\fis_com_vn\node_modules\formidable\lib\file.js:79:5)
    at Object.onceWrapper (events.js:421:28)
    at WriteStream.emit (events.js:315:20)
    at finishMaybe (_stream_writable.js:639:14)
    at _stream_writable.js:616:5
    at WriteStream._final (internal/fs/streams.js:352:3)
    at callFinal (_stream_writable.js:609:10)
    at processTicksAndRejections (internal/process/task_queues.js:84:21)
[02-11-2020 17:20:23] [[31merror[39m] TypeError: Cannot read property 'name' of undefined
    at C:\Users\PC\Desktop\fis_com_vn\app\controllers\product.controller.js:12:63
    at IncomingForm.<anonymous> (C:\Users\PC\Desktop\fis_com_vn\node_modules\formidable\lib\incoming_form.js:107:9)
    at IncomingForm.emit (events.js:315:20)
    at IncomingForm._maybeEnd (C:\Users\PC\Desktop\fis_com_vn\node_modules\formidable\lib\incoming_form.js:557:8)
    at C:\Users\PC\Desktop\fis_com_vn\node_modules\formidable\lib\incoming_form.js:238:12
    at WriteStream.<anonymous> (C:\Users\PC\Desktop\fis_com_vn\node_modules\formidable\lib\file.js:79:5)
    at Object.onceWrapper (events.js:421:28)
    at WriteStream.emit (events.js:315:20)
    at finishMaybe (_stream_writable.js:639:14)
    at _stream_writable.js:616:5
    at WriteStream._final (internal/fs/streams.js:352:3)
    at callFinal (_stream_writable.js:609:10)
    at processTicksAndRejections (internal/process/task_queues.js:84:21)
[02-11-2020 17:29:16] [[31merror[39m] TypeError: Cannot read property 'name' of undefined
    at C:\Users\PC\Desktop\fis_com_vn\app\controllers\product.controller.js:12:63
    at IncomingForm.<anonymous> (C:\Users\PC\Desktop\fis_com_vn\node_modules\formidable\lib\incoming_form.js:107:9)
    at IncomingForm.emit (events.js:315:20)
    at IncomingForm._maybeEnd (C:\Users\PC\Desktop\fis_com_vn\node_modules\formidable\lib\incoming_form.js:557:8)
    at C:\Users\PC\Desktop\fis_com_vn\node_modules\formidable\lib\incoming_form.js:238:12
    at WriteStream.<anonymous> (C:\Users\PC\Desktop\fis_com_vn\node_modules\formidable\lib\file.js:79:5)
    at Object.onceWrapper (events.js:421:28)
    at WriteStream.emit (events.js:315:20)
    at finishMaybe (_stream_writable.js:639:14)
    at _stream_writable.js:616:5
    at WriteStream._final (internal/fs/streams.js:352:3)
    at callFinal (_stream_writable.js:609:10)
    at processTicksAndRejections (internal/process/task_queues.js:84:21)
[02-11-2020 17:32:50] [[31merror[39m] TypeError: Cannot read property 'path' of undefined
    at C:\Users\PC\Desktop\fis_com_vn\app\controllers\product.controller.js:15:43
    at IncomingForm.<anonymous> (C:\Users\PC\Desktop\fis_com_vn\node_modules\formidable\lib\incoming_form.js:107:9)
    at IncomingForm.emit (events.js:315:20)
    at IncomingForm._maybeEnd (C:\Users\PC\Desktop\fis_com_vn\node_modules\formidable\lib\incoming_form.js:557:8)
    at C:\Users\PC\Desktop\fis_com_vn\node_modules\formidable\lib\incoming_form.js:238:12
    at WriteStream.<anonymous> (C:\Users\PC\Desktop\fis_com_vn\node_modules\formidable\lib\file.js:79:5)
    at Object.onceWrapper (events.js:421:28)
    at WriteStream.emit (events.js:315:20)
    at finishMaybe (_stream_writable.js:639:14)
    at _stream_writable.js:616:5
    at WriteStream._final (internal/fs/streams.js:352:3)
    at callFinal (_stream_writable.js:609:10)
    at processTicksAndRejections (internal/process/task_queues.js:84:21)
[05-11-2020 14:15:49] [[31merror[39m] undefined
[05-11-2020 14:16:27] [[31merror[39m] ValidationError: banner validation failed: title: Path `title` is required.
    at model.Document.invalidate (C:\Users\PC\Desktop\fis_com_vn\node_modules\mongoose\lib\document.js:2626:32)
    at C:\Users\PC\Desktop\fis_com_vn\node_modules\mongoose\lib\document.js:2446:17
    at C:\Users\PC\Desktop\fis_com_vn\node_modules\mongoose\lib\schematype.js:1225:9
    at processTicksAndRejections (internal/process/task_queues.js:79:11)
    at runNextTicks (internal/process/task_queues.js:66:3)
    at processImmediate (internal/timers.js:429:9)
[05-11-2020 14:16:52] [[31merror[39m] banner validation failed: title: Path `title` is required.
[05-11-2020 14:17:44] [[31merror[39m] Cast to ObjectId failed for value "5f968bdc4b6fedf54e6086f" at path "banner_categoryID" for model "banner"
[05-11-2020 14:18:05] [[31merror[39m] CastError: Cast to ObjectId failed for value "5f968bdc4b6fedf54e6086f" at path "banner_categoryID" for model "banner"
    at model.Query.exec (C:\Users\PC\Desktop\fis_com_vn\node_modules\mongoose\lib\query.js:4380:21)
    at model.Query.Query.then (C:\Users\PC\Desktop\fis_com_vn\node_modules\mongoose\lib\query.js:4472:15)
    at processTicksAndRejections (internal/process/task_queues.js:97:5)
[05-11-2020 14:19:57] [[31merror[39m] undefined
[05-11-2020 14:21:03] [[31merror[39m] undefined
[05-11-2020 14:21:19] [[31merror[39m] undefined
[05-11-2020 14:21:20] [[31merror[39m] undefined
[05-11-2020 14:21:37] [[31merror[39m] undefined
[05-11-2020 14:21:58] [[31merror[39m] CastError: Cast to ObjectId failed for value "5f968bdc4b6fedf54e6086f" at path "banner_categoryID" for model "banner"
    at model.Query.exec (C:\Users\PC\Desktop\fis_com_vn\node_modules\mongoose\lib\query.js:4380:21)
    at model.Query.Query.then (C:\Users\PC\Desktop\fis_com_vn\node_modules\mongoose\lib\query.js:4472:15)
    at processTicksAndRejections (internal/process/task_queues.js:97:5)
[05-11-2020 14:22:37] [[31merror[39m] undefined
[05-11-2020 14:22:55] [[31merror[39m] banner_categoryID
[05-11-2020 14:24:06] [[31merror[39m] undefined
[05-11-2020 14:24:44] [[31merror[39m] undefined
[05-11-2020 14:26:19] [[31merror[39m] ValidationError: banner validation failed: title: Path `title` is required.
    at model.Document.invalidate (C:\Users\PC\Desktop\fis_com_vn\node_modules\mongoose\lib\document.js:2626:32)
    at C:\Users\PC\Desktop\fis_com_vn\node_modules\mongoose\lib\document.js:2446:17
    at C:\Users\PC\Desktop\fis_com_vn\node_modules\mongoose\lib\schematype.js:1225:9
    at processTicksAndRejections (internal/process/task_queues.js:79:11)
    at runNextTicks (internal/process/task_queues.js:66:3)
    at processImmediate (internal/timers.js:429:9)
[05-11-2020 14:26:55] [[31merror[39m] CastError: Cast to ObjectId failed for value "5f968bdc4b6fedf54e6086f" at path "banner_categoryID" for model "banner"
    at model.Query.exec (C:\Users\PC\Desktop\fis_com_vn\node_modules\mongoose\lib\query.js:4380:21)
    at model.Query.Query.then (C:\Users\PC\Desktop\fis_com_vn\node_modules\mongoose\lib\query.js:4472:15)
    at processTicksAndRejections (internal/process/task_queues.js:97:5)
[05-11-2020 14:36:13] [[31merror[39m] CastError
[05-11-2020 15:55:06] [[31merror[39m] Co loi o du lieu can thay doi
[05-11-2020 16:04:47] [[31merror[39m] CastError
[05-11-2020 16:05:16] [[31merror[39m] CastError
[05-11-2020 16:06:07] [[31merror[39m] CastError
[05-11-2020 16:07:23] [[31merror[39m] CastError
