[02-11-2020 17:17:16] [[31merror[39m] ValidationError: product validation failed: oder: Path `oder` is required., imagesURL: Path `imagesURL` is required., content: Path `content` is required.
    at model.Document.invalidate (C:\Users\PC\Desktop\fis_com_vn\node_modules\mongoose\lib\document.js:2626:32)
    at C:\Users\PC\Desktop\fis_com_vn\node_modules\mongoose\lib\document.js:2446:17
    at C:\Users\PC\Desktop\fis_com_vn\node_modules\mongoose\lib\schematype.js:1225:9
    at processTicksAndRejections (internal/process/task_queues.js:79:11)
[02-11-2020 17:17:55] [[31merror[39m] ValidationError: product validation failed: oder: Path `oder` is required., imagesURL: Path `imagesURL` is required.
    at model.Document.invalidate (C:\Users\PC\Desktop\fis_com_vn\node_modules\mongoose\lib\document.js:2626:32)
    at C:\Users\PC\Desktop\fis_com_vn\node_modules\mongoose\lib\document.js:2446:17
    at C:\Users\PC\Desktop\fis_com_vn\node_modules\mongoose\lib\schematype.js:1225:9
    at processTicksAndRejections (internal/process/task_queues.js:79:11)
[02-11-2020 17:17:59] [[31merror[39m] ValidationError: product validation failed: oder: Path `oder` is required., imagesURL: Path `imagesURL` is required.
    at model.Document.invalidate (C:\Users\PC\Desktop\fis_com_vn\node_modules\mongoose\lib\document.js:2626:32)
    at C:\Users\PC\Desktop\fis_com_vn\node_modules\mongoose\lib\document.js:2446:17
    at C:\Users\PC\Desktop\fis_com_vn\node_modules\mongoose\lib\schematype.js:1225:9
    at processTicksAndRejections (internal/process/task_queues.js:79:11)
[02-11-2020 17:18:31] [[31merror[39m] ValidationError: product validation failed: imagesURL: Path `imagesURL` is required.
    at model.Document.invalidate (C:\Users\PC\Desktop\fis_com_vn\node_modules\mongoose\lib\document.js:2626:32)
    at C:\Users\PC\Desktop\fis_com_vn\node_modules\mongoose\lib\document.js:2446:17
    at C:\Users\PC\Desktop\fis_com_vn\node_modules\mongoose\lib\schematype.js:1225:9
    at processTicksAndRejections (internal/process/task_queues.js:79:11)
[02-11-2020 17:18:58] [[31merror[39m] TypeError: Cannot read property 'name' of undefined
    at C:\Users\PC\Desktop\fis_com_vn\app\controllers\product.controller.js:12:63
    at IncomingForm.<anonymous> (C:\Users\PC\Desktop\fis_com_vn\node_modules\formidable\lib\incoming_form.js:107:9)
    at IncomingForm.emit (events.js:315:20)
    at IncomingForm._maybeEnd (C:\Users\PC\Desktop\fis_com_vn\node_modules\formidable\lib\incoming_form.js:557:8)
    at C:\Users\PC\Desktop\fis_com_vn\node_modules\formidable\lib\incoming_form.js:238:12
    at WriteStream.<anonymous> (C:\Users\PC\Desktop\fis_com_vn\node_modules\formidable\lib\file.js:79:5)
    at Object.onceWrapper (events.js:421:28)
    at WriteStream.emit (events.js:315:20)
    at finishMaybe (_stream_writable.js:639:14)
    at _stream_writable.js:616:5
    at WriteStream._final (internal/fs/streams.js:352:3)
    at callFinal (_stream_writable.js:609:10)
    at processTicksAndRejections (internal/process/task_queues.js:84:21)
[02-11-2020 17:19:41] [[31merror[39m] ValidationError: product validation failed: imagesFile: Path `imagesFile` is required.
    at model.Document.invalidate (C:\Users\PC\Desktop\fis_com_vn\node_modules\mongoose\lib\document.js:2626:32)
    at C:\Users\PC\Desktop\fis_com_vn\node_modules\mongoose\lib\document.js:2446:17
    at C:\Users\PC\Desktop\fis_com_vn\node_modules\mongoose\lib\schematype.js:1225:9
    at processTicksAndRejections (internal/process/task_queues.js:79:11)
[02-11-2020 17:20:00] [[31merror[39m] TypeError: Cannot read property 'name' of undefined
    at C:\Users\PC\Desktop\fis_com_vn\app\controllers\product.controller.js:12:63
    at IncomingForm.<anonymous> (C:\Users\PC\Desktop\fis_com_vn\node_modules\formidable\lib\incoming_form.js:107:9)
    at IncomingForm.emit (events.js:315:20)
    at IncomingForm._maybeEnd (C:\Users\PC\Desktop\fis_com_vn\node_modules\formidable\lib\incoming_form.js:557:8)
    at C:\Users\PC\Desktop\fis_com_vn\node_modules\formidable\lib\incoming_form.js:238:12
    at WriteStream.<anonymous> (C:\Users\PC\Desktop\fis_com_vn\node_modules\formidable\lib\file.js:79:5)
    at Object.onceWrapper (events.js:421:28)
    at WriteStream.emit (events.js:315:20)
    at finishMaybe (_stream_writable.js:639:14)
    at _stream_writable.js:616:5
    at WriteStream._final (internal/fs/streams.js:352:3)
    at callFinal (_stream_writable.js:609:10)
    at processTicksAndRejections (internal/process/task_queues.js:84:21)
[02-11-2020 17:20:23] [[31merror[39m] TypeError: Cannot read property 'name' of undefined
    at C:\Users\PC\Desktop\fis_com_vn\app\controllers\product.controller.js:12:63
    at IncomingForm.<anonymous> (C:\Users\PC\Desktop\fis_com_vn\node_modules\formidable\lib\incoming_form.js:107:9)
    at IncomingForm.emit (events.js:315:20)
    at IncomingForm._maybeEnd (C:\Users\PC\Desktop\fis_com_vn\node_modules\formidable\lib\incoming_form.js:557:8)
    at C:\Users\PC\Desktop\fis_com_vn\node_modules\formidable\lib\incoming_form.js:238:12
    at WriteStream.<anonymous> (C:\Users\PC\Desktop\fis_com_vn\node_modules\formidable\lib\file.js:79:5)
    at Object.onceWrapper (events.js:421:28)
    at WriteStream.emit (events.js:315:20)
    at finishMaybe (_stream_writable.js:639:14)
    at _stream_writable.js:616:5
    at WriteStream._final (internal/fs/streams.js:352:3)
    at callFinal (_stream_writable.js:609:10)
    at processTicksAndRejections (internal/process/task_queues.js:84:21)
[02-11-2020 17:29:16] [[31merror[39m] TypeError: Cannot read property 'name' of undefined
    at C:\Users\PC\Desktop\fis_com_vn\app\controllers\product.controller.js:12:63
    at IncomingForm.<anonymous> (C:\Users\PC\Desktop\fis_com_vn\node_modules\formidable\lib\incoming_form.js:107:9)
    at IncomingForm.emit (events.js:315:20)
    at IncomingForm._maybeEnd (C:\Users\PC\Desktop\fis_com_vn\node_modules\formidable\lib\incoming_form.js:557:8)
    at C:\Users\PC\Desktop\fis_com_vn\node_modules\formidable\lib\incoming_form.js:238:12
    at WriteStream.<anonymous> (C:\Users\PC\Desktop\fis_com_vn\node_modules\formidable\lib\file.js:79:5)
    at Object.onceWrapper (events.js:421:28)
    at WriteStream.emit (events.js:315:20)
    at finishMaybe (_stream_writable.js:639:14)
    at _stream_writable.js:616:5
    at WriteStream._final (internal/fs/streams.js:352:3)
    at callFinal (_stream_writable.js:609:10)
    at processTicksAndRejections (internal/process/task_queues.js:84:21)
[02-11-2020 17:32:50] [[31merror[39m] TypeError: Cannot read property 'path' of undefined
    at C:\Users\PC\Desktop\fis_com_vn\app\controllers\product.controller.js:15:43
    at IncomingForm.<anonymous> (C:\Users\PC\Desktop\fis_com_vn\node_modules\formidable\lib\incoming_form.js:107:9)
    at IncomingForm.emit (events.js:315:20)
    at IncomingForm._maybeEnd (C:\Users\PC\Desktop\fis_com_vn\node_modules\formidable\lib\incoming_form.js:557:8)
    at C:\Users\PC\Desktop\fis_com_vn\node_modules\formidable\lib\incoming_form.js:238:12
    at WriteStream.<anonymous> (C:\Users\PC\Desktop\fis_com_vn\node_modules\formidable\lib\file.js:79:5)
    at Object.onceWrapper (events.js:421:28)
    at WriteStream.emit (events.js:315:20)
    at finishMaybe (_stream_writable.js:639:14)
    at _stream_writable.js:616:5
    at WriteStream._final (internal/fs/streams.js:352:3)
    at callFinal (_stream_writable.js:609:10)
    at processTicksAndRejections (internal/process/task_queues.js:84:21)
[05-11-2020 14:15:49] [[31merror[39m] undefined
[05-11-2020 14:16:27] [[31merror[39m] ValidationError: banner validation failed: title: Path `title` is required.
    at model.Document.invalidate (C:\Users\PC\Desktop\fis_com_vn\node_modules\mongoose\lib\document.js:2626:32)
    at C:\Users\PC\Desktop\fis_com_vn\node_modules\mongoose\lib\document.js:2446:17
    at C:\Users\PC\Desktop\fis_com_vn\node_modules\mongoose\lib\schematype.js:1225:9
    at processTicksAndRejections (internal/process/task_queues.js:79:11)
    at runNextTicks (internal/process/task_queues.js:66:3)
    at processImmediate (internal/timers.js:429:9)
[05-11-2020 14:16:52] [[31merror[39m] banner validation failed: title: Path `title` is required.
[05-11-2020 14:17:44] [[31merror[39m] Cast to ObjectId failed for value "5f968bdc4b6fedf54e6086f" at path "banner_categoryID" for model "banner"
[05-11-2020 14:18:05] [[31merror[39m] CastError: Cast to ObjectId failed for value "5f968bdc4b6fedf54e6086f" at path "banner_categoryID" for model "banner"
    at model.Query.exec (C:\Users\PC\Desktop\fis_com_vn\node_modules\mongoose\lib\query.js:4380:21)
    at model.Query.Query.then (C:\Users\PC\Desktop\fis_com_vn\node_modules\mongoose\lib\query.js:4472:15)
    at processTicksAndRejections (internal/process/task_queues.js:97:5)
[05-11-2020 14:19:57] [[31merror[39m] undefined
[05-11-2020 14:21:03] [[31merror[39m] undefined
[05-11-2020 14:21:19] [[31merror[39m] undefined
[05-11-2020 14:21:20] [[31merror[39m] undefined
[05-11-2020 14:21:37] [[31merror[39m] undefined
[05-11-2020 14:21:58] [[31merror[39m] CastError: Cast to ObjectId failed for value "5f968bdc4b6fedf54e6086f" at path "banner_categoryID" for model "banner"
    at model.Query.exec (C:\Users\PC\Desktop\fis_com_vn\node_modules\mongoose\lib\query.js:4380:21)
    at model.Query.Query.then (C:\Users\PC\Desktop\fis_com_vn\node_modules\mongoose\lib\query.js:4472:15)
    at processTicksAndRejections (internal/process/task_queues.js:97:5)
[05-11-2020 14:22:37] [[31merror[39m] undefined
[05-11-2020 14:22:55] [[31merror[39m] banner_categoryID
[05-11-2020 14:24:06] [[31merror[39m] undefined
[05-11-2020 14:24:44] [[31merror[39m] undefined
[05-11-2020 14:26:19] [[31merror[39m] ValidationError: banner validation failed: title: Path `title` is required.
    at model.Document.invalidate (C:\Users\PC\Desktop\fis_com_vn\node_modules\mongoose\lib\document.js:2626:32)
    at C:\Users\PC\Desktop\fis_com_vn\node_modules\mongoose\lib\document.js:2446:17
    at C:\Users\PC\Desktop\fis_com_vn\node_modules\mongoose\lib\schematype.js:1225:9
    at processTicksAndRejections (internal/process/task_queues.js:79:11)
    at runNextTicks (internal/process/task_queues.js:66:3)
    at processImmediate (internal/timers.js:429:9)
[05-11-2020 14:26:55] [[31merror[39m] CastError: Cast to ObjectId failed for value "5f968bdc4b6fedf54e6086f" at path "banner_categoryID" for model "banner"
    at model.Query.exec (C:\Users\PC\Desktop\fis_com_vn\node_modules\mongoose\lib\query.js:4380:21)
    at model.Query.Query.then (C:\Users\PC\Desktop\fis_com_vn\node_modules\mongoose\lib\query.js:4472:15)
    at processTicksAndRejections (internal/process/task_queues.js:97:5)
[05-11-2020 14:36:13] [[31merror[39m] CastError
[05-11-2020 15:55:06] [[31merror[39m] Co loi o du lieu can thay doi
[05-11-2020 16:04:47] [[31merror[39m] CastError
[05-11-2020 16:05:16] [[31merror[39m] CastError
[05-11-2020 16:06:07] [[31merror[39m] CastError
[05-11-2020 16:07:23] [[31merror[39m] CastError
